2020-07-31 11:07:58,473 - root - INFO - 页面标题是：华为路由WS5200 增强版
2020-07-31 11:09:48,205 - root - INFO - 页面标题是：华为路由WS5200 增强版
2020-07-31 11:10:48,410 - root - INFO - 页面标题是：华为路由WS5200 增强版
2020-07-31 11:12:19,833 - root - INFO - 页面标题是：华为路由WS5200 增强版
2020-07-31 11:15:06,634 - root - INFO - 页面标题是：华为路由WS5200 增强版
2020-07-31 11:15:16,123 - root - INFO - 2.4g SSID: hilink-test-master, 2.4G PASSWORD: 012345678901234567890123456789012345678901234567890123456789012; 5g SSID: hilink-test-master-5G, 5G PASSWORD: 012345678901234567890123456789012345678901234567890123456789012 
2020-07-31 11:16:45,155 - root - INFO - 页面标题是：华为路由WS5200 增强版
2020-07-31 11:16:53,431 - root - INFO - wifi配置如下：2.4g SSID: hilink-test-master, 2.4G PASSWORD: 012345678901234567890123456789012345678901234567890123456789012; 5g SSID: hilink-test-master-5G, 5G PASSWORD: 012345678901234567890123456789012345678901234567890123456789012 
2020-07-31 11:19:43,122 - root - INFO - 页面标题是：华为路由WS5200 增强版
2020-07-31 11:19:51,645 - root - INFO - wifi配置如下：2.4g SSID: hilink-test-master,
2.4G PASSWORD: 012345678901234567890123456789012345678901234567890123456789012;
5g SSID: hilink-test-master-5G,
5G PASSWORD: 012345678901234567890123456789012345678901234567890123456789012 
2020-07-31 11:23:59,207 - root - INFO - 页面标题是：华为路由WS5200 增强版
2020-07-31 11:23:59,210 - root - INFO - ++++++++++++++++++test my_wifi START++++++++++++++++++++++++
2020-07-31 11:24:07,364 - root - INFO - wifi配置如下:
2.4G SSID: hilink-test-master,
2.4G PASSWORD: 012345678901234567890123456789012345678901234567890123456789012,
5G SSID: hilink-test-master-5G,
5G PASSWORD: 012345678901234567890123456789012345678901234567890123456789012 
